<?xml version="1.0" ?>
<coverage branch-rate="0.2317" branches-covered="19" branches-valid="82" complexity="0" line-rate="0.575" lines-covered="92" lines-valid="160" timestamp="1548603743681" version="4.5.2">
	<!-- Generated by coverage.py: https://coverage.readthedocs.io -->
	<!-- Based on https://raw.githubusercontent.com/cobertura/web/master/htdocs/xml/coverage-04.dtd -->
	<sources>
		<source>/Users/tonyejack/workspaces/django-dynamic-model-validation/demo</source>
		<source>/Users/tonyejack/workspaces/django-dynamic-model-validation/django_dynamic_model_validation</source>
		<source>/Users/tonyejack/workspaces/django-dynamic-model-validation/dynamic_validator</source>
	</sources>
	<packages>
		<package branch-rate="1" complexity="0" line-rate="0.9706" name=".">
			<classes>
				<class branch-rate="1" complexity="0" filename="__init__.py" line-rate="1" name="__init__.py">
					<methods/>
					<lines>
						<line hits="1" number="1"/>
						<line hits="1" number="3"/>
					</lines>
				</class>
				<class branch-rate="1" complexity="0" filename="models.py" line-rate="0.9333" name="models.py">
					<methods/>
					<lines>
						<line hits="1" number="2"/>
						<line hits="1" number="4"/>
						<line hits="1" number="5"/>
						<line hits="1" number="6"/>
						<line hits="1" number="7"/>
						<line hits="1" number="9"/>
						<line hits="1" number="11"/>
						<line branch="true" condition-coverage="100% (2/2)" hits="1" number="14"/>
						<line hits="1" number="15"/>
						<line hits="1" number="17"/>
						<line hits="1" number="18"/>
						<line hits="1" number="19"/>
						<line hits="1" number="20"/>
						<line hits="1" number="22"/>
						<line hits="0" number="23"/>
					</lines>
				</class>
				<class branch-rate="1" complexity="0" filename="settings.py" line-rate="1" name="settings.py">
					<methods/>
					<lines>
						<line hits="1" number="13"/>
						<line hits="1" number="16"/>
						<line hits="1" number="23"/>
						<line hits="1" number="26"/>
						<line hits="1" number="28"/>
						<line hits="1" number="33"/>
						<line hits="1" number="44"/>
						<line hits="1" number="54"/>
						<line hits="1" number="70"/>
						<line hits="1" number="76"/>
						<line hits="1" number="87"/>
						<line hits="1" number="106"/>
						<line hits="1" number="108"/>
						<line hits="1" number="110"/>
						<line hits="1" number="112"/>
						<line hits="1" number="114"/>
						<line hits="1" number="120"/>
					</lines>
				</class>
			</classes>
		</package>
		<package branch-rate="0.2125" complexity="0" line-rate="0.4274" name="field_validation">
			<classes>
				<class branch-rate="1" complexity="0" filename="field_validation/__init__.py" line-rate="1" name="__init__.py">
					<methods/>
					<lines/>
				</class>
				<class branch-rate="0.2125" complexity="0" filename="field_validation/validator.py" line-rate="0.4274" name="validator.py">
					<methods/>
					<lines>
						<line hits="1" number="1"/>
						<line hits="1" number="2"/>
						<line hits="1" number="3"/>
						<line hits="1" number="4"/>
						<line hits="1" number="7"/>
						<line hits="1" number="9"/>
						<line hits="1" number="11"/>
						<line hits="1" number="13"/>
						<line hits="1" number="16"/>
						<line hits="1" number="17"/>
						<line hits="1" number="19"/>
						<line hits="1" number="21"/>
						<line hits="1" number="23"/>
						<line branch="true" condition-coverage="100% (2/2)" hits="1" number="25"/>
						<line hits="1" number="29"/>
						<line hits="0" number="30"/>
						<line branch="true" condition-coverage="0% (0/2)" hits="0" missing-branches="32,41" number="31"/>
						<line hits="0" number="32"/>
						<line branch="true" condition-coverage="0% (0/2)" hits="0" missing-branches="34,36" number="33"/>
						<line branch="true" condition-coverage="0% (0/2)" hits="0" missing-branches="33,35" number="34"/>
						<line hits="0" number="35"/>
						<line branch="true" condition-coverage="0% (0/2)" hits="0" missing-branches="31,37" number="36"/>
						<line hits="0" number="37"/>
						<line hits="0" number="38"/>
						<line hits="0" number="39"/>
						<line hits="0" number="40"/>
						<line hits="0" number="41"/>
						<line hits="1" number="43"/>
						<line branch="true" condition-coverage="50% (1/2)" hits="1" missing-branches="exit" number="44"/>
						<line hits="1" number="45"/>
						<line hits="1" number="49"/>
						<line hits="1" number="50"/>
						<line hits="1" number="51"/>
						<line hits="1" number="52"/>
						<line hits="1" number="53"/>
						<line branch="true" condition-coverage="50% (1/2)" hits="1" missing-branches="exit" number="55"/>
						<line hits="1" number="56"/>
						<line branch="true" condition-coverage="50% (1/2)" hits="1" missing-branches="99" number="57"/>
						<line branch="true" condition-coverage="100% (2/2)" hits="1" number="58"/>
						<line branch="true" condition-coverage="50% (1/2)" hits="1" missing-branches="57" number="59"/>
						<line hits="1" number="60"/>
						<line branch="true" condition-coverage="50% (1/2)" hits="1" missing-branches="63" number="61"/>
						<line hits="1" number="62"/>
						<line branch="true" condition-coverage="100% (2/2)" hits="1" number="63"/>
						<line branch="true" condition-coverage="100% (2/2)" hits="1" number="65"/>
						<line branch="true" condition-coverage="50% (1/2)" hits="1" missing-branches="57" number="67"/>
						<line hits="1" number="68"/>
						<line branch="true" condition-coverage="50% (1/2)" hits="1" missing-branches="83" number="69"/>
						<line branch="true" condition-coverage="50% (1/2)" hits="1" missing-branches="80" number="70"/>
						<line hits="1" number="71"/>
						<line hits="1" number="78"/>
						<line hits="0" number="80"/>
						<line hits="0" number="81"/>
						<line hits="1" number="82"/>
						<line branch="true" condition-coverage="0% (0/2)" hits="0" missing-branches="84,90" number="83"/>
						<line branch="true" condition-coverage="0% (0/2)" hits="0" missing-branches="57,85" number="84"/>
						<line hits="0" number="85"/>
						<line hits="0" number="89"/>
						<line branch="true" condition-coverage="0% (0/2)" hits="0" missing-branches="57,91" number="90"/>
						<line hits="0" number="91"/>
						<line hits="0" number="95"/>
						<line hits="0" number="96"/>
						<line hits="0" number="97"/>
						<line branch="true" condition-coverage="50% (1/2)" hits="1" missing-branches="exit" number="99"/>
						<line hits="1" number="100"/>
						<line hits="1" number="102"/>
						<line hits="1" number="103"/>
						<line hits="1" number="104"/>
						<line hits="1" number="105"/>
						<line hits="1" number="107"/>
						<line hits="0" number="109"/>
						<line branch="true" condition-coverage="0% (0/2)" hits="0" missing-branches="exit,115" number="110"/>
						<line hits="0" number="115"/>
						<line hits="0" number="116"/>
						<line hits="0" number="117"/>
						<line hits="0" number="118"/>
						<line branch="true" condition-coverage="0% (0/2)" hits="0" missing-branches="121,144" number="120"/>
						<line branch="true" condition-coverage="0% (0/2)" hits="0" missing-branches="120,122" number="121"/>
						<line hits="0" number="122"/>
						<line branch="true" condition-coverage="0% (0/2)" hits="0" missing-branches="124,128" number="123"/>
						<line branch="true" condition-coverage="0% (0/2)" hits="0" missing-branches="125,128" number="124"/>
						<line hits="0" number="125"/>
						<line hits="0" number="126"/>
						<line branch="true" condition-coverage="0% (0/2)" hits="0" missing-branches="130,140" number="128"/>
						<line branch="true" condition-coverage="0% (0/2)" hits="0" missing-branches="128,131" number="130"/>
						<line branch="true" condition-coverage="0% (0/2)" hits="0" missing-branches="132,133" number="131"/>
						<line hits="0" number="132"/>
						<line branch="true" condition-coverage="0% (0/2)" hits="0" missing-branches="128,134" number="133"/>
						<line branch="true" condition-coverage="0% (0/2)" hits="0" missing-branches="128,138" number="134"/>
						<line hits="0" number="138"/>
						<line branch="true" condition-coverage="0% (0/2)" hits="0" missing-branches="120,141" number="140"/>
						<line branch="true" condition-coverage="0% (0/2)" hits="0" missing-branches="140,142" number="141"/>
						<line hits="0" number="142"/>
						<line branch="true" condition-coverage="0% (0/2)" hits="0" missing-branches="145,164" number="144"/>
						<line branch="true" condition-coverage="0% (0/2)" hits="0" missing-branches="146,159" number="145"/>
						<line branch="true" condition-coverage="0% (0/2)" hits="0" missing-branches="exit,149" number="146"/>
						<line hits="0" number="149"/>
						<line hits="0" number="153"/>
						<line hits="0" number="157"/>
						<line branch="true" condition-coverage="0% (0/2)" hits="0" missing-branches="exit,160" number="159"/>
						<line hits="0" number="160"/>
						<line branch="true" condition-coverage="0% (0/2)" hits="0" missing-branches="165,171" number="164"/>
						<line branch="true" condition-coverage="0% (0/2)" hits="0" missing-branches="166,171" number="165"/>
						<line branch="true" condition-coverage="0% (0/2)" hits="0" missing-branches="exit,167" number="166"/>
						<line hits="0" number="167"/>
						<line branch="true" condition-coverage="0% (0/2)" hits="0" missing-branches="exit,172" number="171"/>
						<line hits="0" number="172"/>
						<line hits="1" number="174"/>
						<line hits="0" number="175"/>
						<line hits="0" number="176"/>
						<line hits="0" number="177"/>
						<line hits="0" number="178"/>
						<line hits="1" number="180"/>
						<line hits="1" number="181"/>
						<line hits="0" number="182"/>
						<line hits="0" number="183"/>
						<line hits="0" number="184"/>
					</lines>
				</class>
			</classes>
		</package>
		<package branch-rate="1" complexity="0" line-rate="1" name="migrations">
			<classes>
				<class branch-rate="1" complexity="0" filename="migrations/0001_initial.py" line-rate="1" name="0001_initial.py">
					<methods/>
					<lines>
						<line hits="1" number="3"/>
						<line hits="1" number="5"/>
						<line hits="1" number="6"/>
						<line hits="1" number="7"/>
						<line hits="1" number="8"/>
						<line hits="1" number="11"/>
						<line hits="1" number="13"/>
						<line hits="1" number="15"/>
						<line hits="1" number="19"/>
					</lines>
				</class>
				<class branch-rate="1" complexity="0" filename="migrations/__init__.py" line-rate="1" name="__init__.py">
					<methods/>
					<lines/>
				</class>
			</classes>
		</package>
	</packages>
</coverage>
